<?xml version="1.0" encoding="UTF-8"?>
<!-- Generated by org.testng.reporters.JUnitReportReporter -->
<testsuite skipped="17" hostname="Muhammads-MBP" name="testPages.HomePageTest" tests="18" failures="0" timestamp="2022-10-06T16:21:49 EDT" time="8.191" errors="0">
  <testcase name="use_of_get_title_method02" time="8.191" classname="testPages.HomePageTest"/>
  <system-out/>
  <testcase name="use_of_get_current_url_method" classname="testPages.HomePageTest">
    <skipped/>
  </testcase> <!-- use_of_get_current_url_method -->
  <system-out/>
  <testcase name="logoTest03" classname="testPages.HomePageTest">
    <skipped/>
  </testcase> <!-- logoTest03 -->
  <system-out/>
  <testcase name="logoTest01" classname="testPages.HomePageTest">
    <skipped/>
  </testcase> <!-- logoTest01 -->
  <system-out/>
  <testcase name="signInTest" classname="testPages.HomePageTest">
    <skipped/>
  </testcase> <!-- signInTest -->
  <system-out/>
  <testcase name="logoTest02" classname="testPages.HomePageTest">
    <skipped/>
  </testcase> <!-- logoTest02 -->
  <system-out/>
  <testcase name="use_of_get_title_method" classname="testPages.HomePageTest">
    <skipped/>
  </testcase> <!-- use_of_get_title_method -->
  <system-out/>
  <testcase name="tvAndAudioBtnSelectedTest" classname="testPages.HomePageTest">
    <skipped/>
  </testcase> <!-- tvAndAudioBtnSelectedTest -->
  <system-out/>
  <testcase name="use_of_get_text_method" classname="testPages.HomePageTest">
    <skipped/>
  </testcase> <!-- use_of_get_text_method -->
  <system-out/>
  <testcase name="mouseHoverOverActions2" classname="testPages.HomePageTest">
    <skipped/>
  </testcase> <!-- mouseHoverOverActions2 -->
  <system-out/>
  <testcase name="cartBtnTest" classname="testPages.HomePageTest">
    <skipped/>
  </testcase> <!-- cartBtnTest -->
  <system-out/>
  <testcase name="used_of_sendKeys_method" classname="testPages.HomePageTest">
    <skipped/>
  </testcase> <!-- used_of_sendKeys_method -->
  <system-out/>
  <testcase name="used_of_sendKeys_and_ReturnKey_method" classname="testPages.HomePageTest">
    <skipped/>
  </testcase> <!-- used_of_sendKeys_and_ReturnKey_method -->
  <system-out/>
  <testcase name="mouseHoverOverActions4" classname="testPages.HomePageTest">
    <skipped/>
  </testcase> <!-- mouseHoverOverActions4 -->
  <system-out/>
  <testcase name="mouseHoverOverActions3" classname="testPages.HomePageTest">
    <skipped/>
  </testcase> <!-- mouseHoverOverActions3 -->
  <system-out/>
  <testcase name="used_of_sendKeys_and_Navigate_method_01" classname="testPages.HomePageTest">
    <skipped/>
  </testcase> <!-- used_of_sendKeys_and_Navigate_method_01 -->
  <system-out/>
  <testcase name="mouseHoverOverActions1" classname="testPages.HomePageTest">
    <skipped/>
  </testcase> <!-- mouseHoverOverActions1 -->
  <system-out/>
  <testcase name="used_of_sendKeys_and_Navigate_method_02" classname="testPages.HomePageTest">
    <skipped/>
  </testcase> <!-- used_of_sendKeys_and_Navigate_method_02 -->
  <system-out/>
</testsuite> <!-- testPages.HomePageTest -->
